<?xml version="1.0" encoding="UTF-8"?>
<!-- Generated by org.testng.reporters.JUnitReportReporter -->
<testsuite hostname="Hp" failures="0" tests="1" name="com.Appium.StartAppium.BaseicTest" time="20.866" errors="0" timestamp="2022-12-04T13:35:45 IST" skipped="0">
  <testcase classname="com.Appium.StartAppium.BaseicTest" name="startDriver" time="20.866"/>
  <system-out/>
</testsuite> <!-- com.Appium.StartAppium.BaseicTest -->
