<?xml version="1.0" encoding="UTF-8"?>
<!-- Generated by org.testng.reporters.JUnitReportReporter -->
<testsuite hostname="Hp" failures="0" tests="1" name="com.Appium.AppTest" time="0.016" errors="0" timestamp="2022-12-04T13:09:54 IST" skipped="0">
  <testcase classname="com.Appium.AppTest" name="shouldAnswerWithTrue" time="0.016"/>
  <system-out/>
</testsuite> <!-- com.Appium.AppTest -->
