<?xml version="1.0" encoding="UTF-8"?>
<!-- Generated by org.testng.reporters.JUnitReportReporter -->
<testsuite hostname="Hp" failures="0" tests="1" name="com.Appium.StartAppium.AutoRunAppiumTest" time="12.012" errors="0" timestamp="2022-12-04T15:02:34 IST" skipped="0">
  <testcase classname="com.Appium.StartAppium.AutoRunAppiumTest" name="autoStartAppium" time="12.012"/>
  <system-out/>
</testsuite> <!-- com.Appium.StartAppium.AutoRunAppiumTest -->
