<?xml version="1.0" encoding="UTF-8"?>
<!-- Generated by org.testng.reporters.JUnitReportReporter -->
<testsuite hostname="Hp" failures="0" tests="1" name="com.Appium.StartAppium.CustomizingAppiumstart" time="11.302" errors="0" timestamp="2022-12-04T16:51:23 IST" skipped="0">
  <testcase classname="com.Appium.StartAppium.CustomizingAppiumstart" name="launchApp" time="11.302"/>
  <system-out/>
</testsuite> <!-- com.Appium.StartAppium.CustomizingAppiumstart -->
